行 199: 控件 UDPASpeed 的类 MSComCtl2.UpDown 不是一个已加载的控件类。
行 1328: 控件 UDBailout 的类 MSComCtl2.UpDown 不是一个已加载的控件类。
行 1348: 控件 UDMaxI 的类 MSComCtl2.UpDown 不是一个已加载的控件类。
行 205: 属性名 _ExtentX 在 UDPASpeed 中是无效的。
行 206: 属性名 _ExtentY 在 UDPASpeed 中是无效的。
行 207: 属性名 _Version 在 UDPASpeed 中是无效的。
行 208: 属性名 Value 在 UDPASpeed 中是无效的。
行 209: 属性名 BuddyControl 在 UDPASpeed 中是无效的。
行 210: 属性名 BuddyDispid 在 UDPASpeed 中是无效的。
行 211: 属性名 OrigLeft 在 UDPASpeed 中是无效的。
行 212: 属性名 OrigTop 在 UDPASpeed 中是无效的。
行 213: 属性名 OrigRight 在 UDPASpeed 中是无效的。
行 214: 属性名 OrigBottom 在 UDPASpeed 中是无效的。
行 215: 属性名 Max 在 UDPASpeed 中是无效的。
行 216: 属性名 Min 在 UDPASpeed 中是无效的。
行 217: 属性名 SyncBuddy 在 UDPASpeed 中是无效的。
行 218: 属性名 BuddyProperty 在 UDPASpeed 中是无效的。
行 1334: 属性名 _ExtentX 在 UDBailout 中是无效的。
行 1335: 属性名 _ExtentY 在 UDBailout 中是无效的。
行 1336: 属性名 _Version 在 UDBailout 中是无效的。
行 1337: 属性名 BuddyControl 在 UDBailout 中是无效的。
行 1338: 属性名 BuddyDispid 在 UDBailout 中是无效的。
行 1339: 属性名 OrigLeft 在 UDBailout 中是无效的。
行 1340: 属性名 OrigTop 在 UDBailout 中是无效的。
行 1341: 属性名 OrigRight 在 UDBailout 中是无效的。
行 1342: 属性名 OrigBottom 在 UDBailout 中是无效的。
行 1343: 属性名 Max 在 UDBailout 中是无效的。
行 1344: 属性名 SyncBuddy 在 UDBailout 中是无效的。
行 1345: 属性名 BuddyProperty 在 UDBailout 中是无效的。
行 1354: 属性名 _ExtentX 在 UDMaxI 中是无效的。
行 1355: 属性名 _ExtentY 在 UDMaxI 中是无效的。
行 1356: 属性名 _Version 在 UDMaxI 中是无效的。
行 1357: 属性名 Value 在 UDMaxI 中是无效的。
行 1358: 属性名 BuddyControl 在 UDMaxI 中是无效的。
行 1359: 属性名 BuddyDispid 在 UDMaxI 中是无效的。
行 1360: 属性名 OrigLeft 在 UDMaxI 中是无效的。
行 1361: 属性名 OrigTop 在 UDMaxI 中是无效的。
行 1362: 属性名 OrigRight 在 UDMaxI 中是无效的。
行 1363: 属性名 OrigBottom 在 UDMaxI 中是无效的。
行 1364: 属性名 Max 在 UDMaxI 中是无效的。
行 1365: 属性名 SyncBuddy 在 UDMaxI 中是无效的。
行 1366: 属性名 BuddyProperty 在 UDMaxI 中是无效的。
行 205: 属性名 _ExtentX 在 UDPASpeed 中是无效的。
行 206: 属性名 _ExtentY 在 UDPASpeed 中是无效的。
行 207: 属性名 _Version 在 UDPASpeed 中是无效的。
行 208: 属性名 Value 在 UDPASpeed 中是无效的。
行 209: 属性名 BuddyControl 在 UDPASpeed 中是无效的。
行 210: 属性名 BuddyDispid 在 UDPASpeed 中是无效的。
行 211: 属性名 OrigLeft 在 UDPASpeed 中是无效的。
行 212: 属性名 OrigTop 在 UDPASpeed 中是无效的。
行 213: 属性名 OrigRight 在 UDPASpeed 中是无效的。
行 214: 属性名 OrigBottom 在 UDPASpeed 中是无效的。
行 215: 属性名 Max 在 UDPASpeed 中是无效的。
行 216: 属性名 Min 在 UDPASpeed 中是无效的。
行 217: 属性名 SyncBuddy 在 UDPASpeed 中是无效的。
行 218: 属性名 BuddyProperty 在 UDPASpeed 中是无效的。
行 1334: 属性名 _ExtentX 在 UDBailout 中是无效的。
行 1335: 属性名 _ExtentY 在 UDBailout 中是无效的。
行 1336: 属性名 _Version 在 UDBailout 中是无效的。
行 1337: 属性名 BuddyControl 在 UDBailout 中是无效的。
行 1338: 属性名 BuddyDispid 在 UDBailout 中是无效的。
行 1339: 属性名 OrigLeft 在 UDBailout 中是无效的。
行 1340: 属性名 OrigTop 在 UDBailout 中是无效的。
行 1341: 属性名 OrigRight 在 UDBailout 中是无效的。
行 1342: 属性名 OrigBottom 在 UDBailout 中是无效的。
行 1343: 属性名 Max 在 UDBailout 中是无效的。
行 1344: 属性名 SyncBuddy 在 UDBailout 中是无效的。
行 1345: 属性名 BuddyProperty 在 UDBailout 中是无效的。
行 1354: 属性名 _ExtentX 在 UDMaxI 中是无效的。
行 1355: 属性名 _ExtentY 在 UDMaxI 中是无效的。
行 1356: 属性名 _Version 在 UDMaxI 中是无效的。
行 1357: 属性名 Value 在 UDMaxI 中是无效的。
行 1358: 属性名 BuddyControl 在 UDMaxI 中是无效的。
行 1359: 属性名 BuddyDispid 在 UDMaxI 中是无效的。
行 1360: 属性名 OrigLeft 在 UDMaxI 中是无效的。
行 1361: 属性名 OrigTop 在 UDMaxI 中是无效的。
行 1362: 属性名 OrigRight 在 UDMaxI 中是无效的。
行 1363: 属性名 OrigBottom 在 UDMaxI 中是无效的。
行 1364: 属性名 Max 在 UDMaxI 中是无效的。
行 1365: 属性名 SyncBuddy 在 UDMaxI 中是无效的。
行 1366: 属性名 BuddyProperty 在 UDMaxI 中是无效的。
